<?xml version="1.0" encoding="UTF-8"?>
<testng-results skipped="0" failed="0" total="1" passed="1">
  <reporter-output>
  </reporter-output>
  <suite name="Default suite" duration-ms="15102" started-at="2019-08-18T14:01:14Z" finished-at="2019-08-18T14:01:29Z">
    <groups>
    </groups>
    <test name="Default test" duration-ms="15102" started-at="2019-08-18T14:01:14Z" finished-at="2019-08-18T14:01:29Z">
      <class name="experiment.Withoutchrome">
        <test-method status="PASS" signature="setup()[pri:0, instance:experiment.Withoutchrome@1ccaa]" name="setup" duration-ms="15084" started-at="2019-08-18T19:31:14Z" finished-at="2019-08-18T19:31:29Z">
          <reporter-output>
          </reporter-output>
        </test-method> <!-- setup -->
      </class> <!-- experiment.Withoutchrome -->
    </test> <!-- Default test -->
  </suite> <!-- Default suite -->
</testng-results>
